[1/10] Performing build step for 'bootloader'
[1/1] cmd.exe /C "cd /D "D:\nipun prev laptop\final_year\idf_files\node_firmware\build\bootloader\esp-idf\esptool_py" && D:\Espressif\python_env\idf5.0_py3.8_env\Scripts\python.exe D:/Espressif/frameworks/esp-idf-v5.0/components/partition_table/check_sizes.py --offset 0x8000 bootloader 0x1000 "D:/nipun prev laptop/final_year/idf_files/node_firmware/build/bootloader/bootloader.bin""
Bootloader binary size 0x6700 bytes. 0x900 bytes (8%) free.
[2/8] Building C object esp-idf/mq2/CMakeFiles/__idf_mq2.dir/mq2.c.obj
In file included from D:/nipun prev laptop/final_year/idf_files/node_firmware/components/mq2/mq2.c:2:
D:/Espressif/frameworks/esp-idf-v5.0/components/driver/deprecated/driver/adc.h:19:2: warning: #warning "legacy adc driver is deprecated, please migrate to use esp_adc/adc_oneshot.h and esp_adc/adc_continuous.h for oneshot mode and continuous mode drivers respectively" [-Wcpp]
   19 | #warning "legacy adc driver is deprecated, please migrate to use esp_adc/adc_oneshot.h and esp_adc/adc_continuous.h for oneshot mode and continuous mode drivers respectively"
      |  ^~~~~~~
In file included from D:/nipun prev laptop/final_year/idf_files/node_firmware/components/mq2/mq2.c:3:
D:/Espressif/frameworks/esp-idf-v5.0/components/esp_adc/deprecated/include/esp_adc_cal.h:17:2: warning: #warning "legacy adc calibration driver is deprecated, please migrate to use esp_adc/adc_cali.h and esp_adc/adc_cali_scheme.h" [-Wcpp]
   17 | #warning "legacy adc calibration driver is deprecated, please migrate to use esp_adc/adc_cali.h and esp_adc/adc_cali_scheme.h"
      |  ^~~~~~~
[3/8] Linking C static library esp-idf\mq2\libmq2.a
[4/8] Linking C static library esp-idf\main\libmain.a
[5/8] Generating ld/sections.ld
[6/8] Linking CXX executable node_firmware.elf
FAILED: node_firmware.elf 
cmd.exe /C "cd . && D:\Espressif\tools\xtensa-esp32-elf\esp-2022r1-11.2.0\xtensa-esp32-elf\bin\xtensa-esp32-elf-g++.exe -mlongcalls -Wno-frame-address  @CMakeFiles\node_firmware.elf.rsp -o node_firmware.elf  && cd ."
d:/espressif/tools/xtensa-esp32-elf/esp-2022r1-11.2.0/xtensa-esp32-elf/bin/../lib/gcc/xtensa-esp32-elf/11.2.0/../../../../xtensa-esp32-elf/bin/ld.exe: esp-idf/ads1115/libads1115.a(ads1115.c.obj):D:/nipun prev laptop/final_year/idf_files/node_firmware/components/ads1115/ads1115.c:31: multiple definition of `payload'; esp-idf/main/libmain.a(main.c.obj):D:/nipun prev laptop/final_year/idf_files/node_firmware/main/main.c:40: first defined here
d:/espressif/tools/xtensa-esp32-elf/esp-2022r1-11.2.0/xtensa-esp32-elf/bin/../lib/gcc/xtensa-esp32-elf/11.2.0/../../../../xtensa-esp32-elf/bin/ld.exe: esp-idf/mq2/libmq2.a(mq2.c.obj):D:/nipun prev laptop/final_year/idf_files/node_firmware/components/mq2/mq2.c:19: multiple definition of `payload'; esp-idf/main/libmain.a(main.c.obj):D:/nipun prev laptop/final_year/idf_files/node_firmware/main/main.c:40: first defined here
collect2.exe: error: ld returned 1 exit status
ninja: build stopped: subcommand failed.
